-------------------------------------------------------------------------------
Test set: BakeryDeterministicTest
-------------------------------------------------------------------------------
Tests run: 1, Failures: 1, Errors: 0, Skipped: 0, Time elapsed: 4.187 s <<< FAILURE! - in BakeryDeterministicTest
deterministicTest(BakeryDeterministicTest)  Time elapsed: 2.67 s  <<< FAILURE!
java.lang.AssertionError
	at BakeryDeterministicTest.simpleTest(BakeryDeterministicTest.java:35)
	at BakeryDeterministicTest.deterministicTest(BakeryDeterministicTest.java:42)

